<?xml version="1.0" encoding="UTF-8"?>
<!-- Generated by org.testng.reporters.JUnitReportReporter -->
<testsuite hostname="MININT-AC2OSS5" failures="0" tests="3" name="QAClickTestCases.QAClickLoginTest" time="69.984" errors="0" timestamp="2022-11-29T08:23:44 IST" skipped="0">
  <testcase classname="QAClickTestCases.QAClickLoginTest" name="QADDTLoginTest" time="20.917"/>
  <system-out/>
  <testcase classname="QAClickTestCases.QAClickLoginTest" name="QADDTLoginTest" time="21.590"/>
  <system-out/>
  <testcase classname="QAClickTestCases.QAClickLoginTest" name="QADDTLoginTest" time="27.477"/>
  <system-out/>
</testsuite> <!-- QAClickTestCases.QAClickLoginTest -->
