<?xml version="1.0" encoding="UTF-8"?>
<!-- Generated by org.testng.reporters.JUnitReportReporter -->
<testsuite hostname="LAPTOP-2TLK4OJJ" failures="0" tests="1" name="testCases.OHRMLoginLogoutTest" time="5.082" errors="0" timestamp="2022-11-22T07:48:35 IST" skipped="0">
  <testcase classname="testCases.OHRMLoginLogoutTest" name="loginLogoutTest" time="5.082"/>
  <system-out/>
</testsuite> <!-- testCases.OHRMLoginLogoutTest -->
