<?xml version="1.0" encoding="UTF-8"?>
<!-- Generated by org.testng.reporters.JUnitReportReporter -->
<testsuite hostname="LAPTOP-2TLK4OJJ" failures="0" tests="1" name="com.pacematic.AppTest" time="0.009" errors="0" timestamp="2022-12-03T00:11:32 IST" skipped="0">
  <testcase classname="com.pacematic.AppTest" name="shouldAnswerWithTrue" time="0.009"/>
  <system-out/>
</testsuite> <!-- com.pacematic.AppTest -->
